Arguments: 
  /home/pedro_vinicius/.nvm/versions/node/v19.2.0/bin/node /mnt/c/Users/pedro/AppData/Roaming/npm/node_modules/yarn/bin/yarn.js add typeorm 0.2.45

PATH: 
  /home/pedro_vinicius/.nvm/versions/node/v19.2.0/bin:/usr/local/sbin:/usr/local/bin:/usr/sbin:/usr/bin:/sbin:/bin:/usr/games:/usr/local/games:/usr/lib/wsl/lib:/mnt/c/Windows/system32:/mnt/c/Windows:/mnt/c/Windows/System32/Wbem:/mnt/c/Windows/System32/WindowsPowerShell/v1.0/:/mnt/c/Windows/System32/OpenSSH/:/mnt/c/Program Files/nodejs/:/mnt/c/Program Files/Git/cmd:/mnt/c/Program Files/Docker/Docker/resources/bin:/mnt/c/Users/pedro/AppData/Local/Programs/Python/Python310/Scripts/:/mnt/c/Users/pedro/AppData/Local/Programs/Python/Python310/:/mnt/c/Users/pedro/AppData/Local/Microsoft/WindowsApps:/mnt/c/Users/pedro/AppData/Roaming/npm:/mnt/c/Users/pedro/AppData/Local/Programs/Microsoft VS Code/bin:/snap/bin

Yarn version: 
  1.22.19

Node version: 
  19.2.0

Platform: 
  linux x64

Trace: 
  Error: https://registry.yarnpkg.com/0.2.45: Not found
      at params.callback [as _callback] (/mnt/c/Users/pedro/AppData/Roaming/npm/node_modules/yarn/lib/cli.js:66145:18)
      at self.callback (/mnt/c/Users/pedro/AppData/Roaming/npm/node_modules/yarn/lib/cli.js:140890:22)
      at Request.emit (node:events:513:28)
      at Request.<anonymous> (/mnt/c/Users/pedro/AppData/Roaming/npm/node_modules/yarn/lib/cli.js:141862:10)
      at Request.emit (node:events:513:28)
      at IncomingMessage.<anonymous> (/mnt/c/Users/pedro/AppData/Roaming/npm/node_modules/yarn/lib/cli.js:141784:12)
      at Object.onceWrapper (node:events:627:28)
      at IncomingMessage.emit (node:events:525:35)
      at endReadableNT (node:internal/streams/readable:1359:12)
      at process.processTicksAndRejections (node:internal/process/task_queues:82:21)

npm manifest: 
  {
    "name": "server_api",
    "version": "1.0.0",
    "description": "",
    "main": "index.js",
    "scripts": {
      "test": "echo \"Error: no test specified\" && exit 1"
    },
    "keywords": [],
    "author": "",
    "license": "ISC",
    "devDependencies": {
      "typescript": "^4.9.4"
    }
  }

yarn manifest: 
  No manifest

Lockfile: 
  No lockfile
